[18:56:48 05/06/18] [8] [1528235808] [CHROME] validacion: 1 	at C:\Users\Guillermo\Documents\facultad\ingenieria2\ing2grupo40\viajesCompartidos\abm\viajeABM.php (line 54)	at C:\Users\Guillermo\Documents\facultad\ingenieria2\ing2grupo40\viajesCompartidos\main.php (line 99) user: 
[18:58:37 05/06/18] [8] [1528235917] [CHROME] fechaPHP: 13-06-2018 1:1:00 	at C:\Users\Guillermo\Documents\facultad\ingenieria2\ing2grupo40\viajesCompartidos\abm\viajeABM.php (line 42)	at C:\Users\Guillermo\Documents\facultad\ingenieria2\ing2grupo40\viajesCompartidos\main.php (line 99) user: 
[18:58:37 05/06/18] [8] [1528235917] [CHROME] fechaHora: 2018-06-13 1:::0: 	at C:\Users\Guillermo\Documents\facultad\ingenieria2\ing2grupo40\viajesCompartidos\abm\viajeABM.php (line 43)	at C:\Users\Guillermo\Documents\facultad\ingenieria2\ing2grupo40\viajesCompartidos\main.php (line 99) user: 
[19:15:11 05/06/18] [8] [1528236911] [CHROME] fechaPHP: 14-06-2018 9:0:00 	at C:\Users\Guillermo\Documents\facultad\ingenieria2\ing2grupo40\viajesCompartidos\abm\viajeABM.php (line 42)	at C:\Users\Guillermo\Documents\facultad\ingenieria2\ing2grupo40\viajesCompartidos\main.php (line 99) user: 
[19:15:11 05/06/18] [8] [1528236911] [CHROME] fechaHora: 2018-06-14 9:::0: 	at C:\Users\Guillermo\Documents\facultad\ingenieria2\ing2grupo40\viajesCompartidos\abm\viajeABM.php (line 43)	at C:\Users\Guillermo\Documents\facultad\ingenieria2\ing2grupo40\viajesCompartidos\main.php (line 99) user: 
[19:22:07 05/06/18] [8] [1528237327] [CHROME] fechaPHP: 06-06-2018 08:30:00 	at C:\Users\Guillermo\Documents\facultad\ingenieria2\ing2grupo40\viajesCompartidos\abm\viajeABM.php (line 42)	at C:\Users\Guillermo\Documents\facultad\ingenieria2\ing2grupo40\viajesCompartidos\main.php (line 99) user: 
[19:22:07 05/06/18] [8] [1528237327] [CHROME] fechaHora: 2018-06-06 08:30:00 	at C:\Users\Guillermo\Documents\facultad\ingenieria2\ing2grupo40\viajesCompartidos\abm\viajeABM.php (line 43)	at C:\Users\Guillermo\Documents\facultad\ingenieria2\ing2grupo40\viajesCompartidos\main.php (line 99) user: 
[19:23:53 05/06/18] [8] [1528237433] [CHROME] fechaPHP: 06-06-2018 13:00:00 	at C:\Users\Guillermo\Documents\facultad\ingenieria2\ing2grupo40\viajesCompartidos\abm\viajeABM.php (line 42)	at C:\Users\Guillermo\Documents\facultad\ingenieria2\ing2grupo40\viajesCompartidos\main.php (line 99) user: 
[19:23:53 05/06/18] [8] [1528237433] [CHROME] fechaHora: 2018-06-06 13:00:00 	at C:\Users\Guillermo\Documents\facultad\ingenieria2\ing2grupo40\viajesCompartidos\abm\viajeABM.php (line 43)	at C:\Users\Guillermo\Documents\facultad\ingenieria2\ing2grupo40\viajesCompartidos\main.php (line 99) user: 
[19:28:21 05/06/18] [8] [1528237701] [CHROME] fechaPHP: 20-06-2018 14:00:00 	at C:\Users\Guillermo\Documents\facultad\ingenieria2\ing2grupo40\viajesCompartidos\abm\viajeABM.php (line 42)	at C:\Users\Guillermo\Documents\facultad\ingenieria2\ing2grupo40\viajesCompartidos\main.php (line 99) user: 
[19:28:21 05/06/18] [8] [1528237701] [CHROME] fechaHora: 2018-06-20 14:00:00 	at C:\Users\Guillermo\Documents\facultad\ingenieria2\ing2grupo40\viajesCompartidos\abm\viajeABM.php (line 43)	at C:\Users\Guillermo\Documents\facultad\ingenieria2\ing2grupo40\viajesCompartidos\main.php (line 99) user: 
[19:28:21 05/06/18] [8] [1528237701] [CHROME] UPDATE viaje
	          SET 	vehiculo_id = 7,
					localidad_origen_id = 3,
					localidad_destino_id = 1,
					duracion = 2,
					costo = 1000.00,
					tipo_viaje_id = 2,
					dia_semana = 1,
					fecha_salida = str_to_date('20-06-2018 14:00:00','%d-%m-%Y  %h:%i:%s')  WHERE viaje_id = 11 	at C:\Users\Guillermo\Documents\facultad\ingenieria2\ing2grupo40\viajesCompartidos\db\viajeDB.php (line 280)	at C:\Users\Guillermo\Documents\facultad\ingenieria2\ing2grupo40\viajesCompartidos\abm\viajeABM.php (line 89)	at C:\Users\Guillermo\Documents\facultad\ingenieria2\ing2grupo40\viajesCompartidos\main.php (line 99) user: 
[19:32:29 05/06/18] [8] [1528237949] [CHROME] fechaPHP: 07-06-2018 14:00:00 	at C:\Users\Guillermo\Documents\facultad\ingenieria2\ing2grupo40\viajesCompartidos\abm\viajeABM.php (line 42)	at C:\Users\Guillermo\Documents\facultad\ingenieria2\ing2grupo40\viajesCompartidos\main.php (line 99) user: 
[19:32:29 05/06/18] [8] [1528237949] [CHROME] fechaHora: 2018-06-07 14:00:00 	at C:\Users\Guillermo\Documents\facultad\ingenieria2\ing2grupo40\viajesCompartidos\abm\viajeABM.php (line 43)	at C:\Users\Guillermo\Documents\facultad\ingenieria2\ing2grupo40\viajesCompartidos\main.php (line 99) user: 
[19:32:29 05/06/18] [8] [1528237949] [CHROME] UPDATE viaje
	          SET 	vehiculo_id = 7,
					localidad_origen_id = 3,
					localidad_destino_id = 1,
					duracion = 2,
					costo = 1000.00,
					tipo_viaje_id = 2,
					dia_semana = 1,
					fecha_salida = str_to_date('07-06-2018 14:00:00','%d-%m-%Y  %H:%i:%s')  WHERE viaje_id = 11 	at C:\Users\Guillermo\Documents\facultad\ingenieria2\ing2grupo40\viajesCompartidos\db\viajeDB.php (line 280)	at C:\Users\Guillermo\Documents\facultad\ingenieria2\ing2grupo40\viajesCompartidos\abm\viajeABM.php (line 89)	at C:\Users\Guillermo\Documents\facultad\ingenieria2\ing2grupo40\viajesCompartidos\main.php (line 99) user: 
[19:32:54 05/06/18] [8] [1528237974] [CHROME] fechaPHP: 19-06-2018 08:30:00 	at C:\Users\Guillermo\Documents\facultad\ingenieria2\ing2grupo40\viajesCompartidos\abm\viajeABM.php (line 42)	at C:\Users\Guillermo\Documents\facultad\ingenieria2\ing2grupo40\viajesCompartidos\main.php (line 99) user: 
[19:32:54 05/06/18] [8] [1528237974] [CHROME] fechaHora: 2018-06-19 08:30:00 	at C:\Users\Guillermo\Documents\facultad\ingenieria2\ing2grupo40\viajesCompartidos\abm\viajeABM.php (line 43)	at C:\Users\Guillermo\Documents\facultad\ingenieria2\ing2grupo40\viajesCompartidos\main.php (line 99) user: 
[19:32:55 05/06/18] [8] [1528237975] [CHROME] UPDATE viaje
	          SET 	vehiculo_id = 7,
					localidad_origen_id = 3,
					localidad_destino_id = 6,
					duracion = 1,
					costo = 1000.00,
					tipo_viaje_id = 3,
					dia_semana = 1,
					fecha_salida = str_to_date('19-06-2018 08:30:00','%d-%m-%Y  %H:%i:%s')  WHERE viaje_id = 13 	at C:\Users\Guillermo\Documents\facultad\ingenieria2\ing2grupo40\viajesCompartidos\db\viajeDB.php (line 280)	at C:\Users\Guillermo\Documents\facultad\ingenieria2\ing2grupo40\viajesCompartidos\abm\viajeABM.php (line 89)	at C:\Users\Guillermo\Documents\facultad\ingenieria2\ing2grupo40\viajesCompartidos\main.php (line 99) user: 
[19:33:38 05/06/18] [8] [1528238018] [CHROME] fechaPHP: 18-06-2018 07:00:00 	at C:\Users\Guillermo\Documents\facultad\ingenieria2\ing2grupo40\viajesCompartidos\abm\viajeABM.php (line 42)	at C:\Users\Guillermo\Documents\facultad\ingenieria2\ing2grupo40\viajesCompartidos\main.php (line 99) user: 
[19:33:38 05/06/18] [8] [1528238018] [CHROME] fechaHora: 2018-06-18 07:00:00 	at C:\Users\Guillermo\Documents\facultad\ingenieria2\ing2grupo40\viajesCompartidos\abm\viajeABM.php (line 43)	at C:\Users\Guillermo\Documents\facultad\ingenieria2\ing2grupo40\viajesCompartidos\main.php (line 99) user: 
[19:33:39 05/06/18] [8] [1528238019] [CHROME] UPDATE viaje
	          SET 	vehiculo_id = 7,
					localidad_origen_id = 3,
					localidad_destino_id = 4,
					duracion = 3,
					costo = 1000.00,
					tipo_viaje_id = 2,
					dia_semana = 1,
					fecha_salida = str_to_date('18-06-2018 07:00:00','%d-%m-%Y  %H:%i:%s')  WHERE viaje_id = 14 	at C:\Users\Guillermo\Documents\facultad\ingenieria2\ing2grupo40\viajesCompartidos\db\viajeDB.php (line 280)	at C:\Users\Guillermo\Documents\facultad\ingenieria2\ing2grupo40\viajesCompartidos\abm\viajeABM.php (line 89)	at C:\Users\Guillermo\Documents\facultad\ingenieria2\ing2grupo40\viajesCompartidos\main.php (line 99) user: 
[19:35:46 05/06/18] [8] [1528238146] [CHROME] fechaPHP: 19-06-2018 07:00:00 	at C:\Users\Guillermo\Documents\facultad\ingenieria2\ing2grupo40\viajesCompartidos\abm\viajeABM.php (line 42)	at C:\Users\Guillermo\Documents\facultad\ingenieria2\ing2grupo40\viajesCompartidos\main.php (line 99) user: 
[19:35:46 05/06/18] [8] [1528238146] [CHROME] fechaHora: 2018-06-19 07:00:00 	at C:\Users\Guillermo\Documents\facultad\ingenieria2\ing2grupo40\viajesCompartidos\abm\viajeABM.php (line 43)	at C:\Users\Guillermo\Documents\facultad\ingenieria2\ing2grupo40\viajesCompartidos\main.php (line 99) user: 
[19:36:14 05/06/18] [8] [1528238174] [CHROME] fechaPHP: 13-06-2018 08:00:00 	at C:\Users\Guillermo\Documents\facultad\ingenieria2\ing2grupo40\viajesCompartidos\abm\viajeABM.php (line 42)	at C:\Users\Guillermo\Documents\facultad\ingenieria2\ing2grupo40\viajesCompartidos\main.php (line 99) user: 
[19:36:14 05/06/18] [8] [1528238174] [CHROME] fechaHora: 2018-06-13 08:00:00 	at C:\Users\Guillermo\Documents\facultad\ingenieria2\ing2grupo40\viajesCompartidos\abm\viajeABM.php (line 43)	at C:\Users\Guillermo\Documents\facultad\ingenieria2\ing2grupo40\viajesCompartidos\main.php (line 99) user: 
[19:36:32 05/06/18] [8] [1528238192] [CHROME] fechaPHP: 18-06-2018 08:00:00 	at C:\Users\Guillermo\Documents\facultad\ingenieria2\ing2grupo40\viajesCompartidos\abm\viajeABM.php (line 42)	at C:\Users\Guillermo\Documents\facultad\ingenieria2\ing2grupo40\viajesCompartidos\main.php (line 99) user: 
[19:36:32 05/06/18] [8] [1528238192] [CHROME] fechaHora: 2018-06-18 08:00:00 	at C:\Users\Guillermo\Documents\facultad\ingenieria2\ing2grupo40\viajesCompartidos\abm\viajeABM.php (line 43)	at C:\Users\Guillermo\Documents\facultad\ingenieria2\ing2grupo40\viajesCompartidos\main.php (line 99) user: 
[19:36:43 05/06/18] [8] [1528238203] [CHROME] fechaPHP: 25-06-2018 18:00:00 	at C:\Users\Guillermo\Documents\facultad\ingenieria2\ing2grupo40\viajesCompartidos\abm\viajeABM.php (line 42)	at C:\Users\Guillermo\Documents\facultad\ingenieria2\ing2grupo40\viajesCompartidos\main.php (line 99) user: 
[19:36:43 05/06/18] [8] [1528238203] [CHROME] fechaHora: 2018-06-25 18:00:00 	at C:\Users\Guillermo\Documents\facultad\ingenieria2\ing2grupo40\viajesCompartidos\abm\viajeABM.php (line 43)	at C:\Users\Guillermo\Documents\facultad\ingenieria2\ing2grupo40\viajesCompartidos\main.php (line 99) user: 
[19:36:43 05/06/18] [8] [1528238203] [CHROME] UPDATE viaje
	          SET 	vehiculo_id = 7,
					localidad_origen_id = 1,
					localidad_destino_id = 1,
					duracion = 1,
					costo = 1000.00,
					tipo_viaje_id = 3,
					dia_semana = 1,
					fecha_salida = str_to_date('25-06-2018 18:00:00','%d-%m-%Y  %H:%i:%s')  WHERE viaje_id = 16 	at C:\Users\Guillermo\Documents\facultad\ingenieria2\ing2grupo40\viajesCompartidos\db\viajeDB.php (line 280)	at C:\Users\Guillermo\Documents\facultad\ingenieria2\ing2grupo40\viajesCompartidos\abm\viajeABM.php (line 89)	at C:\Users\Guillermo\Documents\facultad\ingenieria2\ing2grupo40\viajesCompartidos\main.php (line 99) user: 
[19:36:58 05/06/18] [8] [1528238218] [CHROME] fechaPHP: 19-06-2018 08:30:00 	at C:\Users\Guillermo\Documents\facultad\ingenieria2\ing2grupo40\viajesCompartidos\abm\viajeABM.php (line 42)	at C:\Users\Guillermo\Documents\facultad\ingenieria2\ing2grupo40\viajesCompartidos\main.php (line 99) user: 
[19:36:58 05/06/18] [8] [1528238218] [CHROME] fechaHora: 2018-06-19 08:30:00 	at C:\Users\Guillermo\Documents\facultad\ingenieria2\ing2grupo40\viajesCompartidos\abm\viajeABM.php (line 43)	at C:\Users\Guillermo\Documents\facultad\ingenieria2\ing2grupo40\viajesCompartidos\main.php (line 99) user: 
[16:05:00 08/06/18] [8] [1528484700] [CHROME] UPDATE pasajero set monto_pagado = 1100  WHERE viaje_id = 16  and tipo_pasajero_id = 1 	at C:\Users\Guillermo\Documents\facultad\ingenieria2\ing2grupo40\viajesCompartidos\db\viajeDB.php (line 621)	at C:\Users\Guillermo\Documents\facultad\ingenieria2\ing2grupo40\viajesCompartidos\abm\viajeABM.php (line 112)	at C:\Users\Guillermo\Documents\facultad\ingenieria2\ing2grupo40\viajesCompartidos\main.php (line 99) user: 
[14:01:50 12/06/18] [0] [1528822910] [CHROME]  | query = 
	SELECT
	  v.viaje_id,
	  v.vehiculo_id,
	  m.nombre_marca,
	  mm.nombre_modelo,
	  vv.patente,
	  vv.cantidad_asientos,
	  lo.nombre_localidad AS localidad_origen,
	  ld.nombre_localidad AS localidad_destino,
	  t.nombre AS d_tipo_viaje,
	  v.duracion,
	  v.costo,
	  CONCAT(nombre_marca,'-',nombre_modelo,': ',patente) as nombre_vehiculo,
	  d.dia_semana_nombre dia_semana,
	  fecha_salida,
      v.m_cerrado cerrado,
      IfNull(v.m_terminado,0) terminado,
	  CONCAT(u.nombre,' ',u.apellido) piloto
	FROM
	  viaje v,
	  vehiculo vv,
	  modelo mm,
	  marca m,
	  localidad lo,
	  localidad ld,
	  tipo_de_viaje t,
	  dia_semana d,
	  usuario u
	WHERE v.m_baja = 0
	AND	  v.vehiculo_id = vv.vehiculo_id
	AND   vv.modelo_id = mm.modelo_id
	AND   mm.marca_id = m.marca_id
	AND   v.localidad_origen_id = lo.localidad_id
	AND   v.localidad_destino_id = ld.localidad_id
	AND   v.tipo_viaje_id = t.tipo_viaje_id
	AND   v.dia_semana = d.dia_semana_id
	AND	  v.usuario_id = u.usuario_id
	AND	  v.fecha_salida BETWEEN str_to_date('12-06-2018','%d-%m-%Y') AND str_to_date('12-07-2018','%d-%m-%Y') AND   v.usuario_id = 8AND IFNULL(m_terminado,0) = 1 AND viaje_id NOT IN (SELECT viaje_id FROM calificacion WHERE usuario_evalua_id=8)  	at C:\Users\Guillermo\Documents\facultad\ingenieria2\ing2grupo40\viajesCompartidos\db\db.php (line 72)	at C:\Users\Guillermo\Documents\facultad\ingenieria2\ing2grupo40\viajesCompartidos\db\viajeDB.php (line 77)	at C:\Users\Guillermo\Documents\facultad\ingenieria2\ing2grupo40\viajesCompartidos\browse\viajes.php (line 67)	at C:\Users\Guillermo\Documents\facultad\ingenieria2\ing2grupo40\viajesCompartidos\main.php (line 99) user: 
[11:30:36 15/06/18] [8] [1529073036] [CHROME] 1 	at C:\Users\Guillermo\Documents\facultad\ingenieria2\ing2grupo40\viajesCompartidos\views\calificacionView.php (line 15)	at C:\Users\Guillermo\Documents\facultad\ingenieria2\ing2grupo40\viajesCompartidos\main.php (line 99) user: 
[11:31:24 15/06/18] [8] [1529073084] [CHROME] 
                SELECT count(1) cant
                FROM
                pasajero
                WHERE
                viaje_id = 16
                and estado_id=2 	at C:\Users\Guillermo\Documents\facultad\ingenieria2\ing2grupo40\viajesCompartidos\db\viajeDB.php (line 1035)	at C:\Users\Guillermo\Documents\facultad\ingenieria2\ing2grupo40\viajesCompartidos\views\calificacionView.php (line 15)	at C:\Users\Guillermo\Documents\facultad\ingenieria2\ing2grupo40\viajesCompartidos\main.php (line 99) user: 
[14:24:23 15/06/18] [8] [1529083463] [CHROME] UPDATE pasajero set monto_pagado = 1800  WHERE viaje_id = 18  and tipo_pasajero_id = 1 	at C:\Users\Guillermo\Documents\facultad\ingenieria2\ing2grupo40\viajesCompartidos\db\viajeDB.php (line 658)	at C:\Users\Guillermo\Documents\facultad\ingenieria2\ing2grupo40\viajesCompartidos\abm\viajeABM.php (line 122)	at C:\Users\Guillermo\Documents\facultad\ingenieria2\ing2grupo40\viajesCompartidos\main.php (line 99) user: 
[16:09:58 15/06/18] [8] [1529089798] [CHROME] 
	SELECT
	  v.viaje_id,
	  v.vehiculo_id,
	  m.nombre_marca,
	  mm.nombre_modelo,	 
	  vv.patente,
	  vv.cantidad_asientos,
	  lo.nombre_localidad AS localidad_origen,
	  ld.nombre_localidad AS localidad_destino,
	  t.nombre AS d_tipo_viaje,
	  v.duracion,
	  v.costo,
	  CONCAT(nombre_marca,'-',nombre_modelo) as nombre_vehiculo,
	  d.dia_semana_nombre dia_semana,
	  fecha_salida,
      v.m_cerrado cerrado,
      IfNull(v.m_terminado,0) terminado,
	  CONCAT(u.nombre,' ',u.apellido) piloto,
	  (select count(1) from pregunta_respuesta r where r.viaje_id = v.viaje_id) as cant_preguntas
	FROM
	  viaje v,
	  vehiculo vv,
	  modelo mm,
	  marca m,
	  localidad lo,
	  localidad ld,
	  tipo_de_viaje t,
	  dia_semana d,
	  usuario u
	WHERE v.m_baja = 0
	AND	  v.vehiculo_id = vv.vehiculo_id
	AND   vv.modelo_id = mm.modelo_id
	AND   mm.marca_id = m.marca_id
	AND   v.localidad_origen_id = lo.localidad_id
	AND   v.localidad_destino_id = ld.localidad_id
	AND   v.tipo_viaje_id = t.tipo_viaje_id
	AND   v.dia_semana = d.dia_semana_id
	AND	  v.usuario_id = u.usuario_id
	AND	  v.fecha_salida BETWEEN str_to_date('15-06-2018','%d-%m-%Y') AND str_to_date('15-07-2018','%d-%m-%Y') AND   v.usuario_id = 9 	at C:\Users\Guillermo\Documents\facultad\ingenieria2\ing2grupo40\viajesCompartidos\db\viajeDB.php (line 73)	at C:\Users\Guillermo\Documents\facultad\ingenieria2\ing2grupo40\viajesCompartidos\browse\viajes.php (line 67)	at C:\Users\Guillermo\Documents\facultad\ingenieria2\ing2grupo40\viajesCompartidos\main.php (line 99) user: 
[16:12:23 15/06/18] [8] [1529089943] [CHROME] solo pendientes 0 	at C:\Users\Guillermo\Documents\facultad\ingenieria2\ing2grupo40\viajesCompartidos\db\viajeDB.php (line 73)	at C:\Users\Guillermo\Documents\facultad\ingenieria2\ing2grupo40\viajesCompartidos\browse\viajes.php (line 67)	at C:\Users\Guillermo\Documents\facultad\ingenieria2\ing2grupo40\viajesCompartidos\main.php (line 99) user: 
[16:12:26 15/06/18] [8] [1529089946] [CHROME] solo pendientes 1 	at C:\Users\Guillermo\Documents\facultad\ingenieria2\ing2grupo40\viajesCompartidos\db\viajeDB.php (line 73)	at C:\Users\Guillermo\Documents\facultad\ingenieria2\ing2grupo40\viajesCompartidos\browse\viajes.php (line 67)	at C:\Users\Guillermo\Documents\facultad\ingenieria2\ing2grupo40\viajesCompartidos\main.php (line 99) user: 
[16:12:40 15/06/18] [8] [1529089960] [CHROME] solo pendientes 0 	at C:\Users\Guillermo\Documents\facultad\ingenieria2\ing2grupo40\viajesCompartidos\db\viajeDB.php (line 73)	at C:\Users\Guillermo\Documents\facultad\ingenieria2\ing2grupo40\viajesCompartidos\browse\viajes.php (line 67)	at C:\Users\Guillermo\Documents\facultad\ingenieria2\ing2grupo40\viajesCompartidos\main.php (line 99) user: 
[16:13:13 15/06/18] [8] [1529089993] [CHROME] 
	SELECT
	  v.viaje_id,
	  v.vehiculo_id,
	  m.nombre_marca,
	  mm.nombre_modelo,	 
	  vv.patente,
	  vv.cantidad_asientos,
	  lo.nombre_localidad AS localidad_origen,
	  ld.nombre_localidad AS localidad_destino,
	  t.nombre AS d_tipo_viaje,
	  v.duracion,
	  v.costo,
	  CONCAT(nombre_marca,'-',nombre_modelo) as nombre_vehiculo,
	  d.dia_semana_nombre dia_semana,
	  fecha_salida,
      v.m_cerrado cerrado,
      IfNull(v.m_terminado,0) terminado,
	  CONCAT(u.nombre,' ',u.apellido) piloto,
	  (select count(1) from pregunta_respuesta r where r.viaje_id = v.viaje_id) as cant_preguntas
	FROM
	  viaje v,
	  vehiculo vv,
	  modelo mm,
	  marca m,
	  localidad lo,
	  localidad ld,
	  tipo_de_viaje t,
	  dia_semana d,
	  usuario u
	WHERE v.m_baja = 0
	AND	  v.vehiculo_id = vv.vehiculo_id
	AND   vv.modelo_id = mm.modelo_id
	AND   mm.marca_id = m.marca_id
	AND   v.localidad_origen_id = lo.localidad_id
	AND   v.localidad_destino_id = ld.localidad_id
	AND   v.tipo_viaje_id = t.tipo_viaje_id
	AND   v.dia_semana = d.dia_semana_id
	AND	  v.usuario_id = u.usuario_id
	AND	  v.fecha_salida BETWEEN str_to_date('15-06-2018','%d-%m-%Y') AND str_to_date('15-07-2018','%d-%m-%Y') AND   v.usuario_id = 9 AND IFNULL(m_terminado,0) = 1   AND ((SELECT COUNT(1) FROM pasajero WHERE tipo_pasajero_id=2 AND estado_id=2 AND viaje_id=v.viaje_id)
                            = (SELECT COUNT(1) FROM calificacion WHERE usuario_evalua_id  = 9 AND viaje_id=v.viaje_id) )  	at C:\Users\Guillermo\Documents\facultad\ingenieria2\ing2grupo40\viajesCompartidos\db\viajeDB.php (line 87)	at C:\Users\Guillermo\Documents\facultad\ingenieria2\ing2grupo40\viajesCompartidos\browse\viajes.php (line 67)	at C:\Users\Guillermo\Documents\facultad\ingenieria2\ing2grupo40\viajesCompartidos\main.php (line 99) user: 
[16:18:19 15/06/18] [8] [1529090299] [CHROME] 
                SELECT COUNT(1) cant
                FROM calificacion
                WHERE
                usuario_evalua_id = 8
                AND usuario_evaluado_id = 9
                AND viaje_id =  12
             	at C:\Users\Guillermo\Documents\facultad\ingenieria2\ing2grupo40\viajesCompartidos\db\viajeDB.php (line 1153)	at C:\Users\Guillermo\Documents\facultad\ingenieria2\ing2grupo40\viajesCompartidos\abm\viajeABM.php (line 131)	at C:\Users\Guillermo\Documents\facultad\ingenieria2\ing2grupo40\viajesCompartidos\main.php (line 99) user: 
[16:19:21 15/06/18] [8] [1529090361] [CHROME] 
                SELECT COUNT(1) cant
                FROM calificacion
                WHERE
                usuario_evalua_id = 8
                AND usuario_evaluado_id = 9
                AND viaje_id =  18
             	at C:\Users\Guillermo\Documents\facultad\ingenieria2\ing2grupo40\viajesCompartidos\db\viajeDB.php (line 1153)	at C:\Users\Guillermo\Documents\facultad\ingenieria2\ing2grupo40\viajesCompartidos\abm\viajeABM.php (line 131)	at C:\Users\Guillermo\Documents\facultad\ingenieria2\ing2grupo40\viajesCompartidos\main.php (line 99) user: 
